# JRE version: OpenJDK Runtime Environment (16.0+36) (build 16+36-2231)
# Java VM: OpenJDK 64-Bit Server VM (16+36-2231, mixed mode, sharing, tiered, compressed oops, g1 gc, linux-amd64)
GC Precious Log:
 CPUs: 8 total, 8 available
 Memory: 15820M
 Large Page Support: Disabled
 NUMA Support: Disabled
 Compressed Oops: Enabled (Zero based)
 Heap Region Size: 2M
 Heap Min Capacity: 8M
 Heap Initial Capacity: 248M
 Heap Max Capacity: 3956M
 Pre-touch: Disabled
 Parallel Workers: 8
 Concurrent Workers: 2
 Concurrent Refinement Workers: 8
 Periodic GC: Disabled
Heap:
 garbage-first heap   total 81920K, used 55990K [0x0000000708c00000, 0x0000000800000000)
  region size 2048K, 18 young (36864K), 1 survivors (2048K)
 Metaspace       used 59418K, committed 59776K, reserved 1105920K
  class space    used 7737K, committed 7936K, reserved 1048576K
GC Heap History (18 events):
Event: 1.062 GC heap before
{Heap before GC invocations=0 (full 0):
 garbage-first heap   total 258048K, used 22484K [0x0000000708c00000, 0x0000000800000000)
  region size 2048K, 11 young (22528K), 0 survivors (0K)
 Metaspace       used 4342K, committed 4544K, reserved 1056768K
  class space    used 453K, committed 576K, reserved 1048576K
}
Event: 1.069 GC heap after
{Heap after GC invocations=1 (full 0):
 garbage-first heap   total 258048K, used 7541K [0x0000000708c00000, 0x0000000800000000)
  region size 2048K, 2 young (4096K), 2 survivors (4096K)
 Metaspace       used 4342K, committed 4544K, reserved 1056768K
  class space    used 453K, committed 576K, reserved 1048576K
}
Event: 1.078 GC heap before
{Heap before GC invocations=1 (full 0):
 garbage-first heap   total 258048K, used 32117K [0x0000000708c00000, 0x0000000800000000)
  region size 2048K, 15 young (30720K), 2 survivors (4096K)
 Metaspace       used 4342K, committed 4544K, reserved 1056768K
  class space    used 453K, committed 576K, reserved 1048576K
}
Event: 1.080 GC heap after
{Heap after GC invocations=2 (full 0):
 garbage-first heap   total 258048K, used 7918K [0x0000000708c00000, 0x0000000800000000)
  region size 2048K, 1 young (2048K), 1 survivors (2048K)
 Metaspace       used 4342K, committed 4544K, reserved 1056768K
  class space    used 453K, committed 576K, reserved 1048576K
}
Event: 3.346 GC heap before
{Heap before GC invocations=2 (full 0):
 garbage-first heap   total 258048K, used 138990K [0x0000000708c00000, 0x0000000800000000)
  region size 2048K, 67 young (137216K), 1 survivors (2048K)
 Metaspace       used 20918K, committed 21248K, reserved 1073152K
  class space    used 2630K, committed 2816K, reserved 1048576K
}
Event: 3.356 GC heap after
{Heap after GC invocations=3 (full 0):
 garbage-first heap   total 258048K, used 13008K [0x0000000708c00000, 0x0000000800000000)
  region size 2048K, 3 young (6144K), 3 survivors (6144K)
 Metaspace       used 20918K, committed 21248K, reserved 1073152K
  class space    used 2630K, committed 2816K, reserved 1048576K
}
Event: 4.567 GC heap before
{Heap before GC invocations=4 (full 0):
 garbage-first heap   total 61440K, used 43728K [0x0000000708c00000, 0x0000000800000000)
  region size 2048K, 18 young (36864K), 3 survivors (6144K)
 Metaspace       used 26207K, committed 26560K, reserved 1073152K
  class space    used 3369K, committed 3520K, reserved 1048576K
}
Event: 4.585 GC heap after
{Heap after GC invocations=5 (full 0):
 garbage-first heap   total 61440K, used 15744K [0x0000000708c00000, 0x0000000800000000)
  region size 2048K, 2 young (4096K), 2 survivors (4096K)
 Metaspace       used 26207K, committed 26560K, reserved 1073152K
  class space    used 3369K, committed 3520K, reserved 1048576K
}
Event: 5.016 GC heap before
{Heap before GC invocations=5 (full 0):
 garbage-first heap   total 61440K, used 38272K [0x0000000708c00000, 0x0000000800000000)
  region size 2048K, 14 young (28672K), 2 survivors (4096K)
 Metaspace       used 28654K, committed 28992K, reserved 1081344K
  class space    used 3671K, committed 3840K, reserved 1048576K
}
Event: 5.022 GC heap after
{Heap after GC invocations=6 (full 0):
 garbage-first heap   total 61440K, used 17322K [0x0000000708c00000, 0x0000000800000000)
  region size 2048K, 1 young (2048K), 1 survivors (2048K)
 Metaspace       used 28654K, committed 28992K, reserved 1081344K
  class space    used 3671K, committed 3840K, reserved 1048576K
}
Event: 5.026 GC heap before
{Heap before GC invocations=6 (full 0):
 garbage-first heap   total 61440K, used 39850K [0x0000000708c00000, 0x0000000800000000)
  region size 2048K, 13 young (26624K), 1 survivors (2048K)
 Metaspace       used 28654K, committed 28992K, reserved 1081344K
  class space    used 3671K, committed 3840K, reserved 1048576K
}
Event: 5.029 GC heap after
{Heap after GC invocations=7 (full 0):
 garbage-first heap   total 157696K, used 17260K [0x0000000708c00000, 0x0000000800000000)
  region size 2048K, 1 young (2048K), 1 survivors (2048K)
 Metaspace       used 28654K, committed 28992K, reserved 1081344K
  class space    used 3671K, committed 3840K, reserved 1048576K
}
Event: 6.182 GC heap before
{Heap before GC invocations=7 (full 0):
 garbage-first heap   total 157696K, used 97132K [0x0000000708c00000, 0x0000000800000000)
  region size 2048K, 42 young (86016K), 1 survivors (2048K)
 Metaspace       used 35318K, committed 35648K, reserved 1081344K
  class space    used 4520K, committed 4672K, reserved 1048576K
}
Event: 6.187 GC heap after
{Heap after GC invocations=8 (full 0):
 garbage-first heap   total 157696K, used 19470K [0x0000000708c00000, 0x0000000800000000)
  region size 2048K, 2 young (4096K), 2 survivors (4096K)
 Metaspace       used 35318K, committed 35648K, reserved 1081344K
  class space    used 4520K, committed 4672K, reserved 1048576K
}
Event: 7.589 GC heap before
{Heap before GC invocations=9 (full 0):
 garbage-first heap   total 81920K, used 64526K [0x0000000708c00000, 0x0000000800000000)
  region size 2048K, 24 young (49152K), 2 survivors (4096K)
 Metaspace       used 46936K, committed 47296K, reserved 1097728K
  class space    used 6037K, committed 6208K, reserved 1048576K
}
Event: 7.597 GC heap after
{Heap after GC invocations=10 (full 0):
 garbage-first heap   total 81920K, used 23325K [0x0000000708c00000, 0x0000000800000000)
  region size 2048K, 3 young (6144K), 3 survivors (6144K)
 Metaspace       used 46936K, committed 47296K, reserved 1097728K
  class space    used 6037K, committed 6208K, reserved 1048576K
}
Event: 8.741 GC heap before
{Heap before GC invocations=10 (full 0):
 garbage-first heap   total 81920K, used 58141K [0x0000000708c00000, 0x0000000800000000)
  region size 2048K, 21 young (43008K), 3 survivors (6144K)
 Metaspace       used 54442K, committed 54784K, reserved 1097728K
  class space    used 7133K, committed 7296K, reserved 1048576K
}
Event: 8.752 GC heap after
{Heap after GC invocations=11 (full 0):
 garbage-first heap   total 81920K, used 25270K [0x0000000708c00000, 0x0000000800000000)
  region size 2048K, 1 young (2048K), 1 survivors (2048K)
 Metaspace       used 54442K, committed 54784K, reserved 1097728K
  class space    used 7133K, committed 7296K, reserved 1048576K
}

